<?xml version="1.0" encoding="UTF-8"?>
<!-- Generated by org.testng.reporters.JUnitReportReporter -->
<testsuite skipped="0" hostname="QKNBK474" name="com.qk.m1cloud.UploadAPK" tests="1" failures="0" timestamp="17 Dec 2019 08:51:09 GMT" time="14.919" errors="0">
  <testcase name="Upload_apk" time="14.919" classname="com.qk.m1cloud.UploadAPK"/>
</testsuite> <!-- com.qk.m1cloud.UploadAPK -->
