<?xml version="1.0" encoding="UTF-8"?>
<!-- Generated by org.testng.reporters.JUnitReportReporter -->
<testsuite skipped="0" hostname="QKNBK474" name="com.qaprosoft.carina.demo.EasyTravelCucumberTest" tests="1" failures="0" timestamp="17 Jan 2020 07:46:48 GMT" time="48.213" errors="0">
  <testcase name="feature" time="48.213" classname="com.qaprosoft.carina.demo.EasyTravelCucumberTest"/>
</testsuite> <!-- com.qaprosoft.carina.demo.EasyTravelCucumberTest -->
